<?xml version="1.0" encoding="UTF-8"?>
<!-- Generated by org.testng.reporters.JUnitReportReporter -->
<testsuite hostname="Manohar" failures="0" tests="1" name="jenkinsdemo.OrangehrmTest" time="12.650" errors="0" timestamp="2021-06-07T14:51:58 IST" skipped="0">
  <testcase classname="jenkinsdemo.OrangehrmTest" name="orangehrmtitleTest" time="12.650"/>
  <system-out/>
</testsuite> <!-- jenkinsdemo.OrangehrmTest -->
