<?xml version="1.0" encoding="UTF-8"?>
<!-- Generated by org.testng.reporters.JUnitReportReporter -->
<testsuite skipped="0" hostname="Manohar" name="jenkinsdemo.OrangehrmTest" tests="1" failures="0" timestamp="2021-06-07T18:38:59 IST" time="12.871" errors="0">
  <testcase name="orangehrmtitleTest" time="12.871" classname="jenkinsdemo.OrangehrmTest"/>
  <system-out/>
</testsuite> <!-- jenkinsdemo.OrangehrmTest -->
